<?xml version="1.0" encoding="UTF-8"?>
<testng-results skipped="0" failed="0" total="7" passed="7">
  <reporter-output>
  </reporter-output>
  <suite name="FCSuite" duration-ms="5777" started-at="2013-06-27T03:19:03Z" finished-at="2013-06-27T03:19:09Z">
    <groups>
    </groups>
    <test name="FCTest" duration-ms="5777" started-at="2013-06-27T03:19:03Z" finished-at="2013-06-27T03:19:09Z">
      <class name="com.brevy.spring.cxf.ws.service.fc.calculator.CalculatorWSTestcase">
        <test-method status="PASS" signature="springTestContextBeforeTestClass()[pri:0, instance:com.brevy.spring.cxf.ws.service.fc.calculator.CalculatorWSTestcase@1016632]" name="springTestContextBeforeTestClass" is-config="true" duration-ms="0" started-at="2013-06-27T11:19:03Z" finished-at="2013-06-27T11:19:03Z">
          <reporter-output>
          </reporter-output>
        </test-method> <!-- springTestContextBeforeTestClass -->
        <test-method status="PASS" signature="springTestContextPrepareTestInstance()[pri:0, instance:com.brevy.spring.cxf.ws.service.fc.calculator.CalculatorWSTestcase@1016632]" name="springTestContextPrepareTestInstance" is-config="true" duration-ms="4403" started-at="2013-06-27T11:19:03Z" depends-on-methods="org.springframework.test.context.testng.AbstractTestNGSpringContextTests.springTestContextBeforeTestClass" finished-at="2013-06-27T11:19:07Z">
          <reporter-output>
          </reporter-output>
        </test-method> <!-- springTestContextPrepareTestInstance -->
        <test-method status="PASS" signature="initCalculatorWebService()[pri:0, instance:com.brevy.spring.cxf.ws.service.fc.calculator.CalculatorWSTestcase@1016632]" name="initCalculatorWebService" is-config="true" duration-ms="203" started-at="2013-06-27T11:19:07Z" finished-at="2013-06-27T11:19:07Z">
          <reporter-output>
          </reporter-output>
        </test-method> <!-- initCalculatorWebService -->
        <test-method status="PASS" signature="springTestContextBeforeTestMethod(java.lang.reflect.Method)[pri:0, instance:com.brevy.spring.cxf.ws.service.fc.calculator.CalculatorWSTestcase@1016632]" name="springTestContextBeforeTestMethod" is-config="true" duration-ms="0" started-at="2013-06-27T11:19:07Z" finished-at="2013-06-27T11:19:07Z">
          <params>
            <param index="0">
              <value>
                <![CDATA[public void com.brevy.spring.cxf.ws.service.fc.calculator.CalculatorWSTestcase.calculateAdd()]]>
              </value>
            </param>
          </params>
          <reporter-output>
          </reporter-output>
        </test-method> <!-- springTestContextBeforeTestMethod -->
        <test-method status="PASS" signature="echoInvokedMethod(java.lang.reflect.Method)[pri:0, instance:com.brevy.spring.cxf.ws.service.fc.calculator.CalculatorWSTestcase@1016632]" name="echoInvokedMethod" is-config="true" duration-ms="0" started-at="2013-06-27T11:19:07Z" finished-at="2013-06-27T11:19:07Z">
          <params>
            <param index="0">
              <value>
                <![CDATA[public void com.brevy.spring.cxf.ws.service.fc.calculator.CalculatorWSTestcase.calculateAdd()]]>
              </value>
            </param>
          </params>
          <reporter-output>
          </reporter-output>
        </test-method> <!-- echoInvokedMethod -->
        <test-method status="PASS" signature="calculateAdd()[pri:0, instance:com.brevy.spring.cxf.ws.service.fc.calculator.CalculatorWSTestcase@1016632]" name="calculateAdd" duration-ms="703" started-at="2013-06-27T11:19:07Z" finished-at="2013-06-27T11:19:08Z">
          <reporter-output>
          </reporter-output>
        </test-method> <!-- calculateAdd -->
        <test-method status="PASS" signature="springTestContextAfterTestMethod(java.lang.reflect.Method)[pri:0, instance:com.brevy.spring.cxf.ws.service.fc.calculator.CalculatorWSTestcase@1016632]" name="springTestContextAfterTestMethod" is-config="true" duration-ms="16" started-at="2013-06-27T11:19:08Z" finished-at="2013-06-27T11:19:08Z">
          <params>
            <param index="0">
              <value>
                <![CDATA[public void com.brevy.spring.cxf.ws.service.fc.calculator.CalculatorWSTestcase.calculateAdd()]]>
              </value>
            </param>
          </params>
          <reporter-output>
          </reporter-output>
        </test-method> <!-- springTestContextAfterTestMethod -->
        <test-method status="PASS" signature="springTestContextBeforeTestMethod(java.lang.reflect.Method)[pri:0, instance:com.brevy.spring.cxf.ws.service.fc.calculator.CalculatorWSTestcase@1016632]" name="springTestContextBeforeTestMethod" is-config="true" duration-ms="0" started-at="2013-06-27T11:19:08Z" finished-at="2013-06-27T11:19:08Z">
          <params>
            <param index="0">
              <value>
                <![CDATA[public void com.brevy.spring.cxf.ws.service.fc.calculator.CalculatorWSTestcase.calculateDivide()]]>
              </value>
            </param>
          </params>
          <reporter-output>
          </reporter-output>
        </test-method> <!-- springTestContextBeforeTestMethod -->
        <test-method status="PASS" signature="calculateDivide()[pri:0, instance:com.brevy.spring.cxf.ws.service.fc.calculator.CalculatorWSTestcase@1016632]" name="calculateDivide" duration-ms="15" started-at="2013-06-27T11:19:08Z" finished-at="2013-06-27T11:19:08Z">
          <reporter-output>
          </reporter-output>
        </test-method> <!-- calculateDivide -->
        <test-method status="PASS" signature="echoInvokedMethod(java.lang.reflect.Method)[pri:0, instance:com.brevy.spring.cxf.ws.service.fc.calculator.CalculatorWSTestcase@1016632]" name="echoInvokedMethod" is-config="true" duration-ms="0" started-at="2013-06-27T11:19:08Z" finished-at="2013-06-27T11:19:08Z">
          <params>
            <param index="0">
              <value>
                <![CDATA[public void com.brevy.spring.cxf.ws.service.fc.calculator.CalculatorWSTestcase.calculateDivide()]]>
              </value>
            </param>
          </params>
          <reporter-output>
          </reporter-output>
        </test-method> <!-- echoInvokedMethod -->
        <test-method status="PASS" signature="springTestContextBeforeTestMethod(java.lang.reflect.Method)[pri:0, instance:com.brevy.spring.cxf.ws.service.fc.calculator.CalculatorWSTestcase@1016632]" name="springTestContextBeforeTestMethod" is-config="true" duration-ms="0" started-at="2013-06-27T11:19:08Z" finished-at="2013-06-27T11:19:08Z">
          <params>
            <param index="0">
              <value>
                <![CDATA[public void com.brevy.spring.cxf.ws.service.fc.calculator.CalculatorWSTestcase.calculateMinus()]]>
              </value>
            </param>
          </params>
          <reporter-output>
          </reporter-output>
        </test-method> <!-- springTestContextBeforeTestMethod -->
        <test-method status="PASS" signature="echoInvokedMethod(java.lang.reflect.Method)[pri:0, instance:com.brevy.spring.cxf.ws.service.fc.calculator.CalculatorWSTestcase@1016632]" name="echoInvokedMethod" is-config="true" duration-ms="0" started-at="2013-06-27T11:19:08Z" finished-at="2013-06-27T11:19:08Z">
          <params>
            <param index="0">
              <value>
                <![CDATA[public void com.brevy.spring.cxf.ws.service.fc.calculator.CalculatorWSTestcase.calculateMinus()]]>
              </value>
            </param>
          </params>
          <reporter-output>
          </reporter-output>
        </test-method> <!-- echoInvokedMethod -->
        <test-method status="PASS" signature="calculateMinus()[pri:0, instance:com.brevy.spring.cxf.ws.service.fc.calculator.CalculatorWSTestcase@1016632]" name="calculateMinus" duration-ms="16" started-at="2013-06-27T11:19:08Z" finished-at="2013-06-27T11:19:08Z">
          <reporter-output>
          </reporter-output>
        </test-method> <!-- calculateMinus -->
        <test-method status="PASS" signature="springTestContextAfterTestMethod(java.lang.reflect.Method)[pri:0, instance:com.brevy.spring.cxf.ws.service.fc.calculator.CalculatorWSTestcase@1016632]" name="springTestContextAfterTestMethod" is-config="true" duration-ms="0" started-at="2013-06-27T11:19:08Z" finished-at="2013-06-27T11:19:08Z">
          <params>
            <param index="0">
              <value>
                <![CDATA[public void com.brevy.spring.cxf.ws.service.fc.calculator.CalculatorWSTestcase.calculateDivide()]]>
              </value>
            </param>
          </params>
          <reporter-output>
          </reporter-output>
        </test-method> <!-- springTestContextAfterTestMethod -->
        <test-method status="PASS" signature="springTestContextAfterTestMethod(java.lang.reflect.Method)[pri:0, instance:com.brevy.spring.cxf.ws.service.fc.calculator.CalculatorWSTestcase@1016632]" name="springTestContextAfterTestMethod" is-config="true" duration-ms="0" started-at="2013-06-27T11:19:08Z" finished-at="2013-06-27T11:19:08Z">
          <params>
            <param index="0">
              <value>
                <![CDATA[public void com.brevy.spring.cxf.ws.service.fc.calculator.CalculatorWSTestcase.calculateMinus()]]>
              </value>
            </param>
          </params>
          <reporter-output>
          </reporter-output>
        </test-method> <!-- springTestContextAfterTestMethod -->
        <test-method status="PASS" signature="calculateMultiply()[pri:0, instance:com.brevy.spring.cxf.ws.service.fc.calculator.CalculatorWSTestcase@1016632]" name="calculateMultiply" duration-ms="31" started-at="2013-06-27T11:19:08Z" finished-at="2013-06-27T11:19:08Z">
          <reporter-output>
          </reporter-output>
        </test-method> <!-- calculateMultiply -->
        <test-method status="PASS" signature="springTestContextBeforeTestMethod(java.lang.reflect.Method)[pri:0, instance:com.brevy.spring.cxf.ws.service.fc.calculator.CalculatorWSTestcase@1016632]" name="springTestContextBeforeTestMethod" is-config="true" duration-ms="0" started-at="2013-06-27T11:19:08Z" finished-at="2013-06-27T11:19:08Z">
          <params>
            <param index="0">
              <value>
                <![CDATA[public void com.brevy.spring.cxf.ws.service.fc.calculator.CalculatorWSTestcase.calculateMultiply()]]>
              </value>
            </param>
          </params>
          <reporter-output>
          </reporter-output>
        </test-method> <!-- springTestContextBeforeTestMethod -->
        <test-method status="PASS" signature="echoInvokedMethod(java.lang.reflect.Method)[pri:0, instance:com.brevy.spring.cxf.ws.service.fc.calculator.CalculatorWSTestcase@1016632]" name="echoInvokedMethod" is-config="true" duration-ms="0" started-at="2013-06-27T11:19:08Z" finished-at="2013-06-27T11:19:08Z">
          <params>
            <param index="0">
              <value>
                <![CDATA[public void com.brevy.spring.cxf.ws.service.fc.calculator.CalculatorWSTestcase.calculateMultiply()]]>
              </value>
            </param>
          </params>
          <reporter-output>
          </reporter-output>
        </test-method> <!-- echoInvokedMethod -->
        <test-method status="PASS" signature="jmsCalculateAdd()[pri:0, instance:com.brevy.spring.cxf.ws.service.fc.calculator.CalculatorWSTestcase@1016632]" name="jmsCalculateAdd" duration-ms="187" started-at="2013-06-27T11:19:08Z" finished-at="2013-06-27T11:19:08Z">
          <reporter-output>
          </reporter-output>
        </test-method> <!-- jmsCalculateAdd -->
        <test-method status="PASS" signature="springTestContextBeforeTestMethod(java.lang.reflect.Method)[pri:0, instance:com.brevy.spring.cxf.ws.service.fc.calculator.CalculatorWSTestcase@1016632]" name="springTestContextBeforeTestMethod" is-config="true" duration-ms="0" started-at="2013-06-27T11:19:08Z" finished-at="2013-06-27T11:19:08Z">
          <params>
            <param index="0">
              <value>
                <![CDATA[public void com.brevy.spring.cxf.ws.service.fc.calculator.CalculatorWSTestcase.jmsCalculateAdd()]]>
              </value>
            </param>
          </params>
          <reporter-output>
          </reporter-output>
        </test-method> <!-- springTestContextBeforeTestMethod -->
        <test-method status="PASS" signature="springTestContextAfterTestMethod(java.lang.reflect.Method)[pri:0, instance:com.brevy.spring.cxf.ws.service.fc.calculator.CalculatorWSTestcase@1016632]" name="springTestContextAfterTestMethod" is-config="true" duration-ms="0" started-at="2013-06-27T11:19:08Z" finished-at="2013-06-27T11:19:08Z">
          <params>
            <param index="0">
              <value>
                <![CDATA[public void com.brevy.spring.cxf.ws.service.fc.calculator.CalculatorWSTestcase.calculateMultiply()]]>
              </value>
            </param>
          </params>
          <reporter-output>
          </reporter-output>
        </test-method> <!-- springTestContextAfterTestMethod -->
        <test-method status="PASS" signature="echoInvokedMethod(java.lang.reflect.Method)[pri:0, instance:com.brevy.spring.cxf.ws.service.fc.calculator.CalculatorWSTestcase@1016632]" name="echoInvokedMethod" is-config="true" duration-ms="0" started-at="2013-06-27T11:19:08Z" finished-at="2013-06-27T11:19:08Z">
          <params>
            <param index="0">
              <value>
                <![CDATA[public void com.brevy.spring.cxf.ws.service.fc.calculator.CalculatorWSTestcase.jmsCalculateAdd()]]>
              </value>
            </param>
          </params>
          <reporter-output>
          </reporter-output>
        </test-method> <!-- echoInvokedMethod -->
        <test-method status="PASS" signature="springTestContextAfterTestMethod(java.lang.reflect.Method)[pri:0, instance:com.brevy.spring.cxf.ws.service.fc.calculator.CalculatorWSTestcase@1016632]" name="springTestContextAfterTestMethod" is-config="true" duration-ms="0" started-at="2013-06-27T11:19:08Z" finished-at="2013-06-27T11:19:08Z">
          <params>
            <param index="0">
              <value>
                <![CDATA[public void com.brevy.spring.cxf.ws.service.fc.calculator.CalculatorWSTestcase.jmsCalculateAdd()]]>
              </value>
            </param>
          </params>
          <reporter-output>
          </reporter-output>
        </test-method> <!-- springTestContextAfterTestMethod -->
        <test-method status="PASS" signature="springTestContextAfterTestClass()[pri:0, instance:com.brevy.spring.cxf.ws.service.fc.calculator.CalculatorWSTestcase@1016632]" name="springTestContextAfterTestClass" is-config="true" duration-ms="0" started-at="2013-06-27T11:19:08Z" finished-at="2013-06-27T11:19:08Z">
          <reporter-output>
          </reporter-output>
        </test-method> <!-- springTestContextAfterTestClass -->
      </class> <!-- com.brevy.spring.cxf.ws.service.fc.calculator.CalculatorWSTestcase -->
      <class name="com.brevy.spring.cxf.ws.service.fc.formula.FormulaWSTestcase">
        <test-method status="PASS" signature="springTestContextPrepareTestInstance()[pri:0, instance:com.brevy.spring.cxf.ws.service.fc.formula.FormulaWSTestcase@41d05d]" name="springTestContextPrepareTestInstance" is-config="true" duration-ms="0" started-at="2013-06-27T11:19:08Z" depends-on-methods="org.springframework.test.context.testng.AbstractTestNGSpringContextTests.springTestContextBeforeTestClass" finished-at="2013-06-27T11:19:08Z">
          <reporter-output>
          </reporter-output>
        </test-method> <!-- springTestContextPrepareTestInstance -->
        <test-method status="PASS" signature="springTestContextBeforeTestClass()[pri:0, instance:com.brevy.spring.cxf.ws.service.fc.formula.FormulaWSTestcase@41d05d]" name="springTestContextBeforeTestClass" is-config="true" duration-ms="0" started-at="2013-06-27T11:19:08Z" finished-at="2013-06-27T11:19:08Z">
          <reporter-output>
          </reporter-output>
        </test-method> <!-- springTestContextBeforeTestClass -->
        <test-method status="PASS" signature="initFormulaWebService()[pri:0, instance:com.brevy.spring.cxf.ws.service.fc.formula.FormulaWSTestcase@41d05d]" name="initFormulaWebService" is-config="true" duration-ms="16" started-at="2013-06-27T11:19:08Z" finished-at="2013-06-27T11:19:08Z">
          <reporter-output>
          </reporter-output>
        </test-method> <!-- initFormulaWebService -->
        <test-method status="PASS" signature="echoInvokedMethod(java.lang.reflect.Method)[pri:0, instance:com.brevy.spring.cxf.ws.service.fc.formula.FormulaWSTestcase@41d05d]" name="echoInvokedMethod" is-config="true" duration-ms="0" started-at="2013-06-27T11:19:08Z" finished-at="2013-06-27T11:19:08Z">
          <params>
            <param index="0">
              <value>
                <![CDATA[public void com.brevy.spring.cxf.ws.service.fc.formula.FormulaWSTestcase.createFormula()]]>
              </value>
            </param>
          </params>
          <reporter-output>
          </reporter-output>
        </test-method> <!-- echoInvokedMethod -->
        <test-method status="PASS" signature="createFormula()[pri:0, instance:com.brevy.spring.cxf.ws.service.fc.formula.FormulaWSTestcase@41d05d]" name="createFormula" duration-ms="109" started-at="2013-06-27T11:19:08Z" finished-at="2013-06-27T11:19:09Z">
          <reporter-output>
          </reporter-output>
        </test-method> <!-- createFormula -->
        <test-method status="PASS" signature="springTestContextBeforeTestMethod(java.lang.reflect.Method)[pri:0, instance:com.brevy.spring.cxf.ws.service.fc.formula.FormulaWSTestcase@41d05d]" name="springTestContextBeforeTestMethod" is-config="true" duration-ms="0" started-at="2013-06-27T11:19:08Z" finished-at="2013-06-27T11:19:08Z">
          <params>
            <param index="0">
              <value>
                <![CDATA[public void com.brevy.spring.cxf.ws.service.fc.formula.FormulaWSTestcase.createFormula()]]>
              </value>
            </param>
          </params>
          <reporter-output>
          </reporter-output>
        </test-method> <!-- springTestContextBeforeTestMethod -->
        <test-method status="PASS" signature="springTestContextAfterTestMethod(java.lang.reflect.Method)[pri:0, instance:com.brevy.spring.cxf.ws.service.fc.formula.FormulaWSTestcase@41d05d]" name="springTestContextAfterTestMethod" is-config="true" duration-ms="0" started-at="2013-06-27T11:19:09Z" finished-at="2013-06-27T11:19:09Z">
          <params>
            <param index="0">
              <value>
                <![CDATA[public void com.brevy.spring.cxf.ws.service.fc.formula.FormulaWSTestcase.createFormula()]]>
              </value>
            </param>
          </params>
          <reporter-output>
          </reporter-output>
        </test-method> <!-- springTestContextAfterTestMethod -->
        <test-method status="PASS" signature="springTestContextAfterTestClass()[pri:0, instance:com.brevy.spring.cxf.ws.service.fc.formula.FormulaWSTestcase@41d05d]" name="springTestContextAfterTestClass" is-config="true" duration-ms="0" started-at="2013-06-27T11:19:09Z" finished-at="2013-06-27T11:19:09Z">
          <reporter-output>
          </reporter-output>
        </test-method> <!-- springTestContextAfterTestClass -->
      </class> <!-- com.brevy.spring.cxf.ws.service.fc.formula.FormulaWSTestcase -->
      <class name="com.brevy.spring.cxf.ws.service.fc.converter.ConverterWSTestcase">
        <test-method status="PASS" signature="springTestContextPrepareTestInstance()[pri:0, instance:com.brevy.spring.cxf.ws.service.fc.converter.ConverterWSTestcase@25d2b2]" name="springTestContextPrepareTestInstance" is-config="true" duration-ms="16" started-at="2013-06-27T11:19:08Z" depends-on-methods="org.springframework.test.context.testng.AbstractTestNGSpringContextTests.springTestContextBeforeTestClass" finished-at="2013-06-27T11:19:08Z">
          <reporter-output>
          </reporter-output>
        </test-method> <!-- springTestContextPrepareTestInstance -->
        <test-method status="PASS" signature="springTestContextBeforeTestClass()[pri:0, instance:com.brevy.spring.cxf.ws.service.fc.converter.ConverterWSTestcase@25d2b2]" name="springTestContextBeforeTestClass" is-config="true" duration-ms="0" started-at="2013-06-27T11:19:08Z" finished-at="2013-06-27T11:19:08Z">
          <reporter-output>
          </reporter-output>
        </test-method> <!-- springTestContextBeforeTestClass -->
        <test-method status="PASS" signature="convert()[pri:0, instance:com.brevy.spring.cxf.ws.service.fc.converter.ConverterWSTestcase@25d2b2]" name="convert" duration-ms="15" started-at="2013-06-27T11:19:08Z" finished-at="2013-06-27T11:19:08Z">
          <reporter-output>
          </reporter-output>
        </test-method> <!-- convert -->
        <test-method status="PASS" signature="echoInvokedMethod(java.lang.reflect.Method)[pri:0, instance:com.brevy.spring.cxf.ws.service.fc.converter.ConverterWSTestcase@25d2b2]" name="echoInvokedMethod" is-config="true" duration-ms="0" started-at="2013-06-27T11:19:08Z" finished-at="2013-06-27T11:19:08Z">
          <params>
            <param index="0">
              <value>
                <![CDATA[public void com.brevy.spring.cxf.ws.service.fc.converter.ConverterWSTestcase.convert()]]>
              </value>
            </param>
          </params>
          <reporter-output>
          </reporter-output>
        </test-method> <!-- echoInvokedMethod -->
        <test-method status="PASS" signature="springTestContextBeforeTestMethod(java.lang.reflect.Method)[pri:0, instance:com.brevy.spring.cxf.ws.service.fc.converter.ConverterWSTestcase@25d2b2]" name="springTestContextBeforeTestMethod" is-config="true" duration-ms="0" started-at="2013-06-27T11:19:08Z" finished-at="2013-06-27T11:19:08Z">
          <params>
            <param index="0">
              <value>
                <![CDATA[public void com.brevy.spring.cxf.ws.service.fc.converter.ConverterWSTestcase.convert()]]>
              </value>
            </param>
          </params>
          <reporter-output>
          </reporter-output>
        </test-method> <!-- springTestContextBeforeTestMethod -->
        <test-method status="PASS" signature="initConverterWebService()[pri:0, instance:com.brevy.spring.cxf.ws.service.fc.converter.ConverterWSTestcase@25d2b2]" name="initConverterWebService" is-config="true" duration-ms="0" started-at="2013-06-27T11:19:08Z" finished-at="2013-06-27T11:19:08Z">
          <reporter-output>
          </reporter-output>
        </test-method> <!-- initConverterWebService -->
        <test-method status="PASS" signature="springTestContextAfterTestClass()[pri:0, instance:com.brevy.spring.cxf.ws.service.fc.converter.ConverterWSTestcase@25d2b2]" name="springTestContextAfterTestClass" is-config="true" duration-ms="0" started-at="2013-06-27T11:19:08Z" finished-at="2013-06-27T11:19:08Z">
          <reporter-output>
          </reporter-output>
        </test-method> <!-- springTestContextAfterTestClass -->
        <test-method status="PASS" signature="springTestContextAfterTestMethod(java.lang.reflect.Method)[pri:0, instance:com.brevy.spring.cxf.ws.service.fc.converter.ConverterWSTestcase@25d2b2]" name="springTestContextAfterTestMethod" is-config="true" duration-ms="0" started-at="2013-06-27T11:19:08Z" finished-at="2013-06-27T11:19:08Z">
          <params>
            <param index="0">
              <value>
                <![CDATA[public void com.brevy.spring.cxf.ws.service.fc.converter.ConverterWSTestcase.convert()]]>
              </value>
            </param>
          </params>
          <reporter-output>
          </reporter-output>
        </test-method> <!-- springTestContextAfterTestMethod -->
      </class> <!-- com.brevy.spring.cxf.ws.service.fc.converter.ConverterWSTestcase -->
    </test> <!-- FCTest -->
  </suite> <!-- FCSuite -->
</testng-results>
