<?xml version="1.0" encoding="UTF-8"?>
<testsuite name="TestSuite" time="1.076" tests="7" errors="0" skipped="0" failures="0">
  <properties>
[...]
</properties>
  <testcase name="calculateAdd" classname="com.brevy.spring.cxf.ws.service.fc.calculator.CalculatorWSTestcase" time="0.703"/>
  <testcase name="calculateDivide" classname="com.brevy.spring.cxf.ws.service.fc.calculator.CalculatorWSTestcase" time="0.015"/>
  <testcase name="calculateMinus" classname="com.brevy.spring.cxf.ws.service.fc.calculator.CalculatorWSTestcase" time="0.016"/>
  <testcase name="calculateMultiply" classname="com.brevy.spring.cxf.ws.service.fc.calculator.CalculatorWSTestcase" time="0.031"/>
  <testcase name="jmsCalculateAdd" classname="com.brevy.spring.cxf.ws.service.fc.calculator.CalculatorWSTestcase" time="0.187"/>
  <testcase name="convert" classname="com.brevy.spring.cxf.ws.service.fc.converter.ConverterWSTestcase" time="0.015"/>
  <testcase name="createFormula" classname="com.brevy.spring.cxf.ws.service.fc.formula.FormulaWSTestcase" time="0.109"/>
</testsuite>