<?xml version="1.0" encoding="UTF-8"?>
<!-- Generated by org.testng.reporters.JUnitXMLReporter -->
<testsuite hostname="IH872" name="FCTest" tests="6" failures="0" timestamp="6 Jun 2013 01:54:01 GMT" time="1.812" errors="0">
  <testcase name="CalculateAdd" time="0.266" classname="com.brevy.spring.cxf.ws.service.fc.calculator.CalculatorWSTestcase"/>
  <testcase name="CalculateDivide" time="0.015" classname="com.brevy.spring.cxf.ws.service.fc.calculator.CalculatorWSTestcase"/>
  <testcase name="CalculateMinus" time="0.016" classname="com.brevy.spring.cxf.ws.service.fc.calculator.CalculatorWSTestcase"/>
  <testcase name="CalculateMultiply" time="0.015" classname="com.brevy.spring.cxf.ws.service.fc.calculator.CalculatorWSTestcase"/>
  <testcase name="convert" time="0.016" classname="com.brevy.spring.cxf.ws.service.fc.converter.ConverterWSTestcase"/>
  <testcase name="createFormula" time="0.094" classname="com.brevy.spring.cxf.ws.service.fc.formula.FormulaWSTestcase"/>
</testsuite> <!-- FCTest -->
