<?xml version="1.0" encoding="UTF-8"?>
<testng-results skipped="0" failed="0" total="1" passed="1">
  <reporter-output>
  </reporter-output>
  <suite name="Default suite" duration-ms="3201" started-at="2013-06-24T06:52:48Z" finished-at="2013-06-24T06:52:51Z">
    <groups>
    </groups>
    <test name="Default test" duration-ms="3201" started-at="2013-06-24T06:52:48Z" finished-at="2013-06-24T06:52:51Z">
      <class name="com.brevy.spring.cxf.ws.service.fc.calculator.CalculatorWSTestcase">
        <test-method status="PASS" signature="springTestContextPrepareTestInstance()[pri:0, instance:com.brevy.spring.cxf.ws.service.fc.calculator.CalculatorWSTestcase@110fe28]" name="springTestContextPrepareTestInstance" is-config="true" duration-ms="2669" started-at="2013-06-24T14:52:48Z" depends-on-methods="org.springframework.test.context.testng.AbstractTestNGSpringContextTests.springTestContextBeforeTestClass" finished-at="2013-06-24T14:52:50Z">
          <reporter-output>
          </reporter-output>
        </test-method> <!-- springTestContextPrepareTestInstance -->
        <test-method status="PASS" signature="springTestContextBeforeTestClass()[pri:0, instance:com.brevy.spring.cxf.ws.service.fc.calculator.CalculatorWSTestcase@110fe28]" name="springTestContextBeforeTestClass" is-config="true" duration-ms="0" started-at="2013-06-24T14:52:48Z" finished-at="2013-06-24T14:52:48Z">
          <reporter-output>
          </reporter-output>
        </test-method> <!-- springTestContextBeforeTestClass -->
        <test-method status="PASS" signature="initCalculatorWebService()[pri:0, instance:com.brevy.spring.cxf.ws.service.fc.calculator.CalculatorWSTestcase@110fe28]" name="initCalculatorWebService" is-config="true" duration-ms="94" started-at="2013-06-24T14:52:50Z" finished-at="2013-06-24T14:52:51Z">
          <reporter-output>
          </reporter-output>
        </test-method> <!-- initCalculatorWebService -->
        <test-method status="PASS" signature="springTestContextBeforeTestMethod(java.lang.reflect.Method)[pri:0, instance:com.brevy.spring.cxf.ws.service.fc.calculator.CalculatorWSTestcase@110fe28]" name="springTestContextBeforeTestMethod" is-config="true" duration-ms="0" started-at="2013-06-24T14:52:51Z" finished-at="2013-06-24T14:52:51Z">
          <params>
            <param index="0">
              <value>
                <![CDATA[public void com.brevy.spring.cxf.ws.service.fc.calculator.CalculatorWSTestcase.calculateAdd()]]>
              </value>
            </param>
          </params>
          <reporter-output>
          </reporter-output>
        </test-method> <!-- springTestContextBeforeTestMethod -->
        <test-method status="PASS" signature="calculateAdd()[pri:0, instance:com.brevy.spring.cxf.ws.service.fc.calculator.CalculatorWSTestcase@110fe28]" name="calculateAdd" duration-ms="422" started-at="2013-06-24T14:52:51Z" finished-at="2013-06-24T14:52:51Z">
          <reporter-output>
          </reporter-output>
        </test-method> <!-- calculateAdd -->
        <test-method status="PASS" signature="echoInvokedMethod(java.lang.reflect.Method)[pri:0, instance:com.brevy.spring.cxf.ws.service.fc.calculator.CalculatorWSTestcase@110fe28]" name="echoInvokedMethod" is-config="true" duration-ms="0" started-at="2013-06-24T14:52:51Z" finished-at="2013-06-24T14:52:51Z">
          <params>
            <param index="0">
              <value>
                <![CDATA[public void com.brevy.spring.cxf.ws.service.fc.calculator.CalculatorWSTestcase.calculateAdd()]]>
              </value>
            </param>
          </params>
          <reporter-output>
          </reporter-output>
        </test-method> <!-- echoInvokedMethod -->
        <test-method status="PASS" signature="springTestContextAfterTestMethod(java.lang.reflect.Method)[pri:0, instance:com.brevy.spring.cxf.ws.service.fc.calculator.CalculatorWSTestcase@110fe28]" name="springTestContextAfterTestMethod" is-config="true" duration-ms="0" started-at="2013-06-24T14:52:51Z" finished-at="2013-06-24T14:52:51Z">
          <params>
            <param index="0">
              <value>
                <![CDATA[public void com.brevy.spring.cxf.ws.service.fc.calculator.CalculatorWSTestcase.calculateAdd()]]>
              </value>
            </param>
          </params>
          <reporter-output>
          </reporter-output>
        </test-method> <!-- springTestContextAfterTestMethod -->
        <test-method status="PASS" signature="springTestContextAfterTestClass()[pri:0, instance:com.brevy.spring.cxf.ws.service.fc.calculator.CalculatorWSTestcase@110fe28]" name="springTestContextAfterTestClass" is-config="true" duration-ms="0" started-at="2013-06-24T14:52:51Z" finished-at="2013-06-24T14:52:51Z">
          <reporter-output>
          </reporter-output>
        </test-method> <!-- springTestContextAfterTestClass -->
      </class> <!-- com.brevy.spring.cxf.ws.service.fc.calculator.CalculatorWSTestcase -->
    </test> <!-- Default test -->
  </suite> <!-- Default suite -->
</testng-results>
