<?xml version="1.0" encoding="UTF-8"?>
<testng-results skipped="0" failed="0" total="1" passed="1">
  <reporter-output>
  </reporter-output>
  <suite name="Default suite" duration-ms="1888" started-at="2013-08-05T02:11:30Z" finished-at="2013-08-05T02:11:32Z">
    <groups>
    </groups>
    <test name="Default test" duration-ms="1888" started-at="2013-08-05T02:11:30Z" finished-at="2013-08-05T02:11:32Z">
      <class name="com.brevy.fw.common.util.JsonUtilsTestcase">
        <test-method status="PASS" signature="TESTA()[pri:0, instance:com.brevy.fw.common.util.JsonUtilsTestcase@16df84b]" name="TESTA" duration-ms="1872" started-at="2013-08-05T10:11:30Z" finished-at="2013-08-05T10:11:32Z">
          <reporter-output>
          </reporter-output>
        </test-method> <!-- TESTA -->
      </class> <!-- com.brevy.fw.common.util.JsonUtilsTestcase -->
    </test> <!-- Default test -->
  </suite> <!-- Default suite -->
</testng-results>
