<?xml version="1.0" encoding="UTF-8"?>
<!-- Generated by org.testng.reporters.JUnitXMLReporter -->
<testsuite hostname="IH872" name="FCTest" tests="7" failures="0" timestamp="27 Jun 2013 03:19:09 GMT" time="5.777" errors="0">
  <testcase name="calculateAdd" time="0.703" classname="com.brevy.spring.cxf.ws.service.fc.calculator.CalculatorWSTestcase"/>
  <testcase name="calculateDivide" time="0.015" classname="com.brevy.spring.cxf.ws.service.fc.calculator.CalculatorWSTestcase"/>
  <testcase name="calculateMinus" time="0.016" classname="com.brevy.spring.cxf.ws.service.fc.calculator.CalculatorWSTestcase"/>
  <testcase name="calculateMultiply" time="0.031" classname="com.brevy.spring.cxf.ws.service.fc.calculator.CalculatorWSTestcase"/>
  <testcase name="jmsCalculateAdd" time="0.187" classname="com.brevy.spring.cxf.ws.service.fc.calculator.CalculatorWSTestcase"/>
  <testcase name="convert" time="0.015" classname="com.brevy.spring.cxf.ws.service.fc.converter.ConverterWSTestcase"/>
  <testcase name="createFormula" time="0.109" classname="com.brevy.spring.cxf.ws.service.fc.formula.FormulaWSTestcase"/>
</testsuite> <!-- FCTest -->
